{"/home/cat/temp/github/td5/routes/doctors.js": {"path":"/home/cat/temp/github/td5/routes/doctors.js","statementMap":{"0":{"start":{"line":2,"column":15},"end":{"line":2,"column":31}},"1":{"start":{"line":3,"column":16},"end":{"line":6,"column":1}},"2":{"start":{"line":8,"column":0},"end":{"line":8,"column":61}},"3":{"start":{"line":8,"column":30},"end":{"line":8,"column":59}},"4":{"start":{"line":10,"column":0},"end":{"line":21,"column":3}},"5":{"start":{"line":11,"column":32},"end":{"line":11,"column":40}},"6":{"start":{"line":12,"column":4},"end":{"line":16,"column":5}},"7":{"start":{"line":13,"column":8},"end":{"line":15,"column":11}},"8":{"start":{"line":17,"column":22},"end":{"line":17,"column":65}},"9":{"start":{"line":19,"column":4},"end":{"line":19,"column":28}},"10":{"start":{"line":20,"column":4},"end":{"line":20,"column":36}}},"fnMap":{"0":{"name":"(anonymous_0)","decl":{"start":{"line":8,"column":16},"end":{"line":8,"column":17}},"loc":{"start":{"line":8,"column":30},"end":{"line":8,"column":59}},"line":8},"1":{"name":"(anonymous_1)","decl":{"start":{"line":10,"column":17},"end":{"line":10,"column":18}},"loc":{"start":{"line":10,"column":31},"end":{"line":21,"column":1}},"line":10}},"branchMap":{"0":{"loc":{"start":{"line":12,"column":4},"end":{"line":16,"column":5}},"type":"if","locations":[{"start":{"line":12,"column":4},"end":{"line":16,"column":5}},{"start":{},"end":{}}],"line":12},"1":{"loc":{"start":{"line":12,"column":8},"end":{"line":12,"column":27}},"type":"binary-expr","locations":[{"start":{"line":12,"column":8},"end":{"line":12,"column":13}},{"start":{"line":12,"column":17},"end":{"line":12,"column":27}}],"line":12}},"s":{"0":0,"1":0,"2":0,"3":0,"4":0,"5":0,"6":0,"7":0,"8":0,"9":0,"10":0},"f":{"0":0,"1":0},"b":{"0":[0,0],"1":[0,0]},"inputSourceMap":null}
,"/home/cat/temp/github/td5/routes/patients.js": {"path":"/home/cat/temp/github/td5/routes/patients.js","statementMap":{"0":{"start":{"line":2,"column":15},"end":{"line":2,"column":31}},"1":{"start":{"line":3,"column":15},"end":{"line":6,"column":1}},"2":{"start":{"line":8,"column":0},"end":{"line":8,"column":50}},"3":{"start":{"line":8,"column":30},"end":{"line":8,"column":48}},"4":{"start":{"line":10,"column":0},"end":{"line":17,"column":3}},"5":{"start":{"line":11,"column":26},"end":{"line":11,"column":34}},"6":{"start":{"line":12,"column":4},"end":{"line":13,"column":65}},"7":{"start":{"line":13,"column":8},"end":{"line":13,"column":65}},"8":{"start":{"line":14,"column":23},"end":{"line":14,"column":61}},"9":{"start":{"line":15,"column":4},"end":{"line":15,"column":30}},"10":{"start":{"line":16,"column":4},"end":{"line":16,"column":37}}},"fnMap":{"0":{"name":"(anonymous_0)","decl":{"start":{"line":8,"column":16},"end":{"line":8,"column":17}},"loc":{"start":{"line":8,"column":30},"end":{"line":8,"column":48}},"line":8},"1":{"name":"(anonymous_1)","decl":{"start":{"line":10,"column":17},"end":{"line":10,"column":18}},"loc":{"start":{"line":10,"column":31},"end":{"line":17,"column":1}},"line":10}},"branchMap":{"0":{"loc":{"start":{"line":12,"column":4},"end":{"line":13,"column":65}},"type":"if","locations":[{"start":{"line":12,"column":4},"end":{"line":13,"column":65}},{"start":{},"end":{}}],"line":12},"1":{"loc":{"start":{"line":12,"column":8},"end":{"line":12,"column":21}},"type":"binary-expr","locations":[{"start":{"line":12,"column":8},"end":{"line":12,"column":13}},{"start":{"line":12,"column":17},"end":{"line":12,"column":21}}],"line":12}},"s":{"0":0,"1":0,"2":0,"3":0,"4":0,"5":0,"6":0,"7":0,"8":0,"9":0,"10":0},"f":{"0":0,"1":0},"b":{"0":[0,0],"1":[0,0]},"inputSourceMap":null}
,"/home/cat/temp/github/td5/src/app.js": {"path":"/home/cat/temp/github/td5/src/app.js","statementMap":{"0":{"start":{"line":5,"column":12},"end":{"line":5,"column":21}},"1":{"start":{"line":7,"column":0},"end":{"line":7,"column":24}},"2":{"start":{"line":9,"column":0},"end":{"line":9,"column":39}},"3":{"start":{"line":10,"column":0},"end":{"line":10,"column":41}}},"fnMap":{},"branchMap":{},"s":{"0":0,"1":0,"2":0,"3":0},"f":{},"b":{},"inputSourceMap":null}
,"/home/cat/temp/github/td5/src/server.js": {"path":"/home/cat/temp/github/td5/src/server.js","statementMap":{"0":{"start":{"line":3,"column":13},"end":{"line":3,"column":17}},"1":{"start":{"line":5,"column":0},"end":{"line":7,"column":3}},"2":{"start":{"line":6,"column":2},"end":{"line":6,"column":60}}},"fnMap":{"0":{"name":"(anonymous_0)","decl":{"start":{"line":5,"column":17},"end":{"line":5,"column":18}},"loc":{"start":{"line":5,"column":23},"end":{"line":7,"column":1}},"line":5}},"branchMap":{},"s":{"0":0,"1":0,"2":0},"f":{"0":0},"b":{},"inputSourceMap":null}
}
