{"C:\\Users\\aurel\\Downloads\\TD5 - software\\td5\\routes\\appointments.js": {"path":"C:\\Users\\aurel\\Downloads\\TD5 - software\\td5\\routes\\appointments.js","statementMap":{"0":{"start":{"line":2,"column":15},"end":{"line":2,"column":31}},"1":{"start":{"line":4,"column":19},"end":{"line":7,"column":1}},"2":{"start":{"line":10,"column":0},"end":{"line":10,"column":54}},"3":{"start":{"line":10,"column":30},"end":{"line":10,"column":52}},"4":{"start":{"line":13,"column":0},"end":{"line":30,"column":3}},"5":{"start":{"line":14,"column":48},"end":{"line":14,"column":56}},"6":{"start":{"line":16,"column":4},"end":{"line":18,"column":5}},"7":{"start":{"line":17,"column":8},"end":{"line":17,"column":74}},"8":{"start":{"line":20,"column":27},"end":{"line":26,"column":5}},"9":{"start":{"line":28,"column":4},"end":{"line":28,"column":38}},"10":{"start":{"line":29,"column":4},"end":{"line":29,"column":41}}},"fnMap":{"0":{"name":"(anonymous_0)","decl":{"start":{"line":10,"column":16},"end":{"line":10,"column":17}},"loc":{"start":{"line":10,"column":30},"end":{"line":10,"column":52}},"line":10},"1":{"name":"(anonymous_1)","decl":{"start":{"line":13,"column":17},"end":{"line":13,"column":18}},"loc":{"start":{"line":13,"column":31},"end":{"line":30,"column":1}},"line":13}},"branchMap":{"0":{"loc":{"start":{"line":16,"column":4},"end":{"line":18,"column":5}},"type":"if","locations":[{"start":{"line":16,"column":4},"end":{"line":18,"column":5}},{"start":{},"end":{}}],"line":16},"1":{"loc":{"start":{"line":16,"column":8},"end":{"line":16,"column":49}},"type":"binary-expr","locations":[{"start":{"line":16,"column":8},"end":{"line":16,"column":17}},{"start":{"line":16,"column":21},"end":{"line":16,"column":31}},{"start":{"line":16,"column":35},"end":{"line":16,"column":40}},{"start":{"line":16,"column":44},"end":{"line":16,"column":49}}],"line":16}},"s":{"0":4,"1":4,"2":4,"3":1,"4":4,"5":2,"6":2,"7":1,"8":1,"9":1,"10":1},"f":{"0":1,"1":2},"b":{"0":[1,1],"1":[2,2,2,1]},"inputSourceMap":null,"_coverageSchema":"1a1c01bbd47fc00a2c39e90264f33305004495a9","hash":"968b4de8cb9f1489d66aa59e7c19065be88987dc"}
,"C:\\Users\\aurel\\Downloads\\TD5 - software\\td5\\routes\\doctors.js": {"path":"C:\\Users\\aurel\\Downloads\\TD5 - software\\td5\\routes\\doctors.js","statementMap":{"0":{"start":{"line":2,"column":15},"end":{"line":2,"column":31}},"1":{"start":{"line":3,"column":16},"end":{"line":9,"column":1}},"2":{"start":{"line":11,"column":0},"end":{"line":11,"column":61}},"3":{"start":{"line":11,"column":30},"end":{"line":11,"column":59}},"4":{"start":{"line":13,"column":0},"end":{"line":24,"column":3}},"5":{"start":{"line":14,"column":32},"end":{"line":14,"column":40}},"6":{"start":{"line":15,"column":4},"end":{"line":19,"column":5}},"7":{"start":{"line":16,"column":8},"end":{"line":18,"column":11}},"8":{"start":{"line":20,"column":22},"end":{"line":20,"column":65}},"9":{"start":{"line":22,"column":4},"end":{"line":22,"column":28}},"10":{"start":{"line":23,"column":4},"end":{"line":23,"column":36}}},"fnMap":{"0":{"name":"(anonymous_0)","decl":{"start":{"line":11,"column":16},"end":{"line":11,"column":17}},"loc":{"start":{"line":11,"column":30},"end":{"line":11,"column":59}},"line":11},"1":{"name":"(anonymous_1)","decl":{"start":{"line":13,"column":17},"end":{"line":13,"column":18}},"loc":{"start":{"line":13,"column":31},"end":{"line":24,"column":1}},"line":13}},"branchMap":{"0":{"loc":{"start":{"line":15,"column":4},"end":{"line":19,"column":5}},"type":"if","locations":[{"start":{"line":15,"column":4},"end":{"line":19,"column":5}},{"start":{},"end":{}}],"line":15},"1":{"loc":{"start":{"line":15,"column":8},"end":{"line":15,"column":27}},"type":"binary-expr","locations":[{"start":{"line":15,"column":8},"end":{"line":15,"column":13}},{"start":{"line":15,"column":17},"end":{"line":15,"column":27}}],"line":15}},"s":{"0":4,"1":4,"2":4,"3":1,"4":4,"5":1,"6":1,"7":0,"8":1,"9":1,"10":1},"f":{"0":1,"1":1},"b":{"0":[0,1],"1":[1,1]},"inputSourceMap":null,"_coverageSchema":"1a1c01bbd47fc00a2c39e90264f33305004495a9","hash":"d2ae2527a6bf982b7fd422b63d2842a83d89912f"}
,"C:\\Users\\aurel\\Downloads\\TD5 - software\\td5\\routes\\metrics.js": {"path":"C:\\Users\\aurel\\Downloads\\TD5 - software\\td5\\routes\\metrics.js","statementMap":{"0":{"start":{"line":2,"column":15},"end":{"line":2,"column":31}},"1":{"start":{"line":5,"column":0},"end":{"line":21,"column":3}},"2":{"start":{"line":6,"column":20},"end":{"line":18,"column":5}},"3":{"start":{"line":20,"column":4},"end":{"line":20,"column":22}}},"fnMap":{"0":{"name":"(anonymous_0)","decl":{"start":{"line":5,"column":16},"end":{"line":5,"column":17}},"loc":{"start":{"line":5,"column":30},"end":{"line":21,"column":1}},"line":5}},"branchMap":{},"s":{"0":4,"1":4,"2":1,"3":1},"f":{"0":1},"b":{},"inputSourceMap":null,"_coverageSchema":"1a1c01bbd47fc00a2c39e90264f33305004495a9","hash":"cdd5c717766ad0c897c11526143fe2822e546819"}
,"C:\\Users\\aurel\\Downloads\\TD5 - software\\td5\\routes\\patients.js": {"path":"C:\\Users\\aurel\\Downloads\\TD5 - software\\td5\\routes\\patients.js","statementMap":{"0":{"start":{"line":2,"column":15},"end":{"line":2,"column":31}},"1":{"start":{"line":3,"column":15},"end":{"line":7,"column":1}},"2":{"start":{"line":9,"column":0},"end":{"line":9,"column":50}},"3":{"start":{"line":9,"column":30},"end":{"line":9,"column":48}},"4":{"start":{"line":11,"column":0},"end":{"line":18,"column":3}},"5":{"start":{"line":12,"column":26},"end":{"line":12,"column":34}},"6":{"start":{"line":13,"column":4},"end":{"line":14,"column":65}},"7":{"start":{"line":14,"column":8},"end":{"line":14,"column":65}},"8":{"start":{"line":15,"column":23},"end":{"line":15,"column":61}},"9":{"start":{"line":16,"column":4},"end":{"line":16,"column":30}},"10":{"start":{"line":17,"column":4},"end":{"line":17,"column":37}}},"fnMap":{"0":{"name":"(anonymous_0)","decl":{"start":{"line":9,"column":16},"end":{"line":9,"column":17}},"loc":{"start":{"line":9,"column":30},"end":{"line":9,"column":48}},"line":9},"1":{"name":"(anonymous_1)","decl":{"start":{"line":11,"column":17},"end":{"line":11,"column":18}},"loc":{"start":{"line":11,"column":31},"end":{"line":18,"column":1}},"line":11}},"branchMap":{"0":{"loc":{"start":{"line":13,"column":4},"end":{"line":14,"column":65}},"type":"if","locations":[{"start":{"line":13,"column":4},"end":{"line":14,"column":65}},{"start":{},"end":{}}],"line":13},"1":{"loc":{"start":{"line":13,"column":8},"end":{"line":13,"column":21}},"type":"binary-expr","locations":[{"start":{"line":13,"column":8},"end":{"line":13,"column":13}},{"start":{"line":13,"column":17},"end":{"line":13,"column":21}}],"line":13}},"s":{"0":4,"1":4,"2":4,"3":1,"4":4,"5":2,"6":2,"7":1,"8":1,"9":1,"10":1},"f":{"0":1,"1":2},"b":{"0":[1,1],"1":[2,2]},"inputSourceMap":null,"_coverageSchema":"1a1c01bbd47fc00a2c39e90264f33305004495a9","hash":"cabd54fc00905aafadf028313a3fbe1461671c99"}
,"C:\\Users\\aurel\\Downloads\\TD5 - software\\td5\\src\\app.js": {"path":"C:\\Users\\aurel\\Downloads\\TD5 - software\\td5\\src\\app.js","statementMap":{"0":{"start":{"line":7,"column":12},"end":{"line":7,"column":21}},"1":{"start":{"line":9,"column":0},"end":{"line":9,"column":24}},"2":{"start":{"line":11,"column":0},"end":{"line":11,"column":39}},"3":{"start":{"line":12,"column":0},"end":{"line":12,"column":41}},"4":{"start":{"line":13,"column":0},"end":{"line":13,"column":49}},"5":{"start":{"line":14,"column":0},"end":{"line":14,"column":39}}},"fnMap":{},"branchMap":{},"s":{"0":4,"1":4,"2":4,"3":4,"4":4,"5":4},"f":{},"b":{},"inputSourceMap":null,"_coverageSchema":"1a1c01bbd47fc00a2c39e90264f33305004495a9","hash":"97110e7259441e698ac17dc98f9554eea40cd504"}
,"C:\\Users\\aurel\\Downloads\\TD5 - software\\td5\\src\\server.js": {"path":"C:\\Users\\aurel\\Downloads\\TD5 - software\\td5\\src\\server.js","statementMap":{"0":{"start":{"line":3,"column":13},"end":{"line":3,"column":17}},"1":{"start":{"line":5,"column":0},"end":{"line":7,"column":3}},"2":{"start":{"line":6,"column":2},"end":{"line":6,"column":60}}},"fnMap":{"0":{"name":"(anonymous_0)","decl":{"start":{"line":5,"column":17},"end":{"line":5,"column":18}},"loc":{"start":{"line":5,"column":23},"end":{"line":7,"column":1}},"line":5}},"branchMap":{},"s":{"0":0,"1":0,"2":0},"f":{"0":0},"b":{},"inputSourceMap":null}
}
