TN:
SF:routes/appointments.js
FN:10,(anonymous_0)
FN:13,(anonymous_1)
FNF:2
FNH:2
FNDA:1,(anonymous_0)
FNDA:2,(anonymous_1)
DA:2,4
DA:4,4
DA:10,4
DA:13,4
DA:14,2
DA:16,2
DA:17,1
DA:20,1
DA:28,1
DA:29,1
LF:10
LH:10
BRDA:16,0,0,1
BRDA:16,0,1,1
BRDA:16,1,0,2
BRDA:16,1,1,2
BRDA:16,1,2,2
BRDA:16,1,3,1
BRF:6
BRH:6
end_of_record
TN:
SF:routes/doctors.js
FN:8,(anonymous_0)
FN:10,(anonymous_1)
FNF:2
FNH:2
FNDA:1,(anonymous_0)
FNDA:1,(anonymous_1)
DA:2,4
DA:3,4
DA:8,4
DA:10,4
DA:11,1
DA:12,1
DA:13,0
DA:17,1
DA:19,1
DA:20,1
LF:10
LH:9
BRDA:12,0,0,0
BRDA:12,0,1,1
BRDA:12,1,0,1
BRDA:12,1,1,1
BRF:4
BRH:3
end_of_record
TN:
SF:routes/metrics.js
FN:5,(anonymous_0)
FNF:1
FNH:1
FNDA:1,(anonymous_0)
DA:2,4
DA:5,4
DA:6,1
DA:20,1
LF:4
LH:4
BRF:0
BRH:0
end_of_record
TN:
SF:routes/patients.js
FN:8,(anonymous_0)
FN:10,(anonymous_1)
FNF:2
FNH:2
FNDA:1,(anonymous_0)
FNDA:2,(anonymous_1)
DA:2,4
DA:3,4
DA:8,4
DA:10,4
DA:11,2
DA:12,2
DA:13,1
DA:14,1
DA:15,1
DA:16,1
LF:10
LH:10
BRDA:12,0,0,1
BRDA:12,0,1,1
BRDA:12,1,0,2
BRDA:12,1,1,2
BRF:4
BRH:4
end_of_record
TN:
SF:src/app.js
FNF:0
FNH:0
DA:7,4
DA:9,4
DA:11,4
DA:12,4
DA:13,4
DA:14,4
LF:6
LH:6
BRF:0
BRH:0
end_of_record
TN:
SF:src/server.js
FN:5,(anonymous_0)
FNF:1
FNH:0
FNDA:0,(anonymous_0)
DA:3,0
DA:5,0
DA:6,0
LF:3
LH:0
BRF:0
BRH:0
end_of_record
